<?xml version="1.0" encoding="UTF-8"?>
<testsuite xmlns:xsi="http://www.w3.org/2001/XMLSchema-instance" xsi:noNamespaceSchemaLocation="https://maven.apache.org/surefire/maven-surefire-plugin/xsd/surefire-test-report.xsd" name="testRunner.testRunner" time="23.844" tests="6" errors="0" skipped="0" failures="0">
  <properties>
[...]
</properties>
  <testcase name="runScenario" classname="testRunner.testRunner" time="13.835"/>
  <testcase name="runScenario" classname="testRunner.testRunner" time="1.188"/>
  <testcase name="runScenario" classname="testRunner.testRunner" time="1.867"/>
  <testcase name="runScenario" classname="testRunner.testRunner" time="3.075"/>
  <testcase name="runScenario" classname="testRunner.testRunner" time="1.49"/>
  <testcase name="runScenario" classname="testRunner.testRunner" time="1.061"/>
</testsuite>