<?xml version="1.0" encoding="UTF-8"?>
<testng-results ignored="0" total="6" passed="6" failed="0" skipped="0">
  <reporter-output>
  </reporter-output>
  <suite started-at="2025-10-03T09:05:17 IST" name="Surefire suite" finished-at="2025-10-03T09:05:40 IST" duration-ms="23331">
    <groups>
      <group name="cucumber">
        <method signature="AbstractTestNGCucumberTests.runScenario(io.cucumber.testng.PickleWrapper,io.cucumber.testng.FeatureWrapper)[pri:0, instance:testRunner.testRunner@1c93084c]" name="runScenario" class="io.cucumber.testng.AbstractTestNGCucumberTests"/>
      </group> <!-- cucumber -->
    </groups>
    <test started-at="2025-10-03T09:05:17 IST" name="Surefire test" finished-at="2025-10-03T09:05:40 IST" duration-ms="23331">
      <class name="testRunner.testRunner">
        <test-method is-config="true" signature="setUpClass(org.testng.ITestContext)[pri:0, instance:testRunner.testRunner@1c93084c]" started-at="2025-10-03T09:05:17 IST" name="setUpClass" finished-at="2025-10-03T09:05:17 IST" duration-ms="464" status="PASS">
          <params>
            <param index="0">
              <value>
                <![CDATA[org.testng.TestRunner@383c3eb3]]>
              </value>
            </param>
          </params>
          <reporter-output>
          </reporter-output>
        </test-method> <!-- setUpClass -->
        <test-method signature="runScenario(io.cucumber.testng.PickleWrapper,io.cucumber.testng.FeatureWrapper)[pri:0, instance:testRunner.testRunner@1c93084c]" started-at="2025-10-03T09:05:17 IST" name="runScenario" description="Runs Cucumber Scenarios" data-provider="scenarios" finished-at="2025-10-03T09:05:31 IST" duration-ms="13833" status="PASS">
          <params>
            <param index="0">
              <value>
                <![CDATA["Login as a Admin"]]>
              </value>
            </param>
            <param index="1">
              <value>
                <![CDATA["Login page test cases"]]>
              </value>
            </param>
          </params>
          <reporter-output>
          </reporter-output>
        </test-method> <!-- runScenario -->
        <test-method signature="runScenario(io.cucumber.testng.PickleWrapper,io.cucumber.testng.FeatureWrapper)[pri:0, instance:testRunner.testRunner@1c93084c]" started-at="2025-10-03T09:05:31 IST" name="runScenario" description="Runs Cucumber Scenarios" data-provider="scenarios" finished-at="2025-10-03T09:05:32 IST" duration-ms="1189" status="PASS">
          <params>
            <param index="0">
              <value>
                <![CDATA["Verify the Footer text is correct"]]>
              </value>
            </param>
            <param index="1">
              <value>
                <![CDATA["Login page test cases"]]>
              </value>
            </param>
          </params>
          <reporter-output>
          </reporter-output>
        </test-method> <!-- runScenario -->
        <test-method signature="runScenario(io.cucumber.testng.PickleWrapper,io.cucumber.testng.FeatureWrapper)[pri:0, instance:testRunner.testRunner@1c93084c]" started-at="2025-10-03T09:05:32 IST" name="runScenario" description="Runs Cucumber Scenarios" data-provider="scenarios" finished-at="2025-10-03T09:05:34 IST" duration-ms="1866" status="PASS">
          <params>
            <param index="0">
              <value>
                <![CDATA["Verify the forgot password link is working"]]>
              </value>
            </param>
            <param index="1">
              <value>
                <![CDATA["Login page test cases"]]>
              </value>
            </param>
          </params>
          <reporter-output>
          </reporter-output>
        </test-method> <!-- runScenario -->
        <test-method signature="runScenario(io.cucumber.testng.PickleWrapper,io.cucumber.testng.FeatureWrapper)[pri:0, instance:testRunner.testRunner@1c93084c]" started-at="2025-10-03T09:05:34 IST" name="runScenario" description="Runs Cucumber Scenarios" data-provider="scenarios" finished-at="2025-10-03T09:05:37 IST" duration-ms="3074" status="PASS">
          <params>
            <param index="0">
              <value>
                <![CDATA["Login with invalid credentials"]]>
              </value>
            </param>
            <param index="1">
              <value>
                <![CDATA["Login page test cases"]]>
              </value>
            </param>
          </params>
          <reporter-output>
          </reporter-output>
        </test-method> <!-- runScenario -->
        <test-method signature="runScenario(io.cucumber.testng.PickleWrapper,io.cucumber.testng.FeatureWrapper)[pri:0, instance:testRunner.testRunner@1c93084c]" started-at="2025-10-03T09:05:37 IST" name="runScenario" description="Runs Cucumber Scenarios" data-provider="scenarios" finished-at="2025-10-03T09:05:39 IST" duration-ms="1488" status="PASS">
          <params>
            <param index="0">
              <value>
                <![CDATA["Login with empty credentials with validation messages check"]]>
              </value>
            </param>
            <param index="1">
              <value>
                <![CDATA["Login page test cases"]]>
              </value>
            </param>
          </params>
          <reporter-output>
          </reporter-output>
        </test-method> <!-- runScenario -->
        <test-method signature="runScenario(io.cucumber.testng.PickleWrapper,io.cucumber.testng.FeatureWrapper)[pri:0, instance:testRunner.testRunner@1c93084c]" started-at="2025-10-03T09:05:39 IST" name="runScenario" description="Runs Cucumber Scenarios" data-provider="scenarios" finished-at="2025-10-03T09:05:40 IST" duration-ms="1055" status="PASS">
          <params>
            <param index="0">
              <value>
                <![CDATA["Verify the login page logo is displayed"]]>
              </value>
            </param>
            <param index="1">
              <value>
                <![CDATA["Login page test cases"]]>
              </value>
            </param>
          </params>
          <reporter-output>
          </reporter-output>
        </test-method> <!-- runScenario -->
        <test-method is-config="true" signature="tearDownClass()[pri:0, instance:testRunner.testRunner@1c93084c]" started-at="2025-10-03T09:05:40 IST" name="tearDownClass" finished-at="2025-10-03T09:05:40 IST" duration-ms="310" status="PASS">
          <reporter-output>
          </reporter-output>
        </test-method> <!-- tearDownClass -->
      </class> <!-- testRunner.testRunner -->
    </test> <!-- Surefire test -->
  </suite> <!-- Surefire suite -->
</testng-results>
